  boost01.cpp
  Info: Boost.Config is older than your compiler version - probably nothing bad will happen - but you may wish to look for an update Boost version.  Define BOOST_CONFIG_SUPPRESS_OUTDATED_MESSAGE to suppress this message.
c:\program files (x86)\microsoft visual studio\2017\community\vc\tools\msvc\14.12.25827\include\memory(53): error C4996: 'std::uninitialized_copy::_Unchecked_iterators::_Deprecate': Call to 'std::uninitialized_copy' with parameters that may be unsafe - this call relies on the caller to check that the passed values are correct. To disable this warning, use -D_SCL_SECURE_NO_WARNINGS. See documentation on how to use Visual C++ 'Checked Iterators'
  c:\program files (x86)\microsoft visual studio\2017\community\vc\tools\msvc\14.12.25827\include\memory(53): note: 参见“std::uninitialized_copy::_Unchecked_iterators::_Deprecate”的声明
  c:\users\administrator\downloads\boost_1_66_0\boost_1_66_0\boost\signals2\detail\auto_buffer.hpp(191): note: 参见对正在编译的函数 模板 实例化“_FwdIt *std::uninitialized_copy<I,boost::variant<boost::shared_ptr<void>,boost::signals2::detail::foreign_void_shared_ptr>*>(_InIt,_InIt,_FwdIt)”的引用
          with
          [
              _FwdIt=boost::variant<boost::shared_ptr<void>,boost::signals2::detail::foreign_void_shared_ptr> *,
              I=boost::variant<boost::shared_ptr<void>,boost::signals2::detail::foreign_void_shared_ptr> *,
              _InIt=boost::variant<boost::shared_ptr<void>,boost::signals2::detail::foreign_void_shared_ptr> *
          ]
  c:\users\administrator\downloads\boost_1_66_0\boost_1_66_0\boost\signals2\detail\auto_buffer.hpp(178): note: 参见对正在编译的函数 模板 实例化“void boost::signals2::detail::auto_buffer<boost::signals2::detail::void_shared_ptr_variant,boost::signals2::detail::store_n_objects<10>,boost::signals2::detail::default_grow_policy,std::allocator<_Ty>>::copy_rai<I,false>(I,I,boost::variant<boost::shared_ptr<void>,boost::signals2::detail::foreign_void_shared_ptr> *,const boost::integral_constant<bool,false> &)”的引用
          with
          [
              _Ty=boost::signals2::detail::void_shared_ptr_variant,
              I=boost::variant<boost::shared_ptr<void>,boost::signals2::detail::foreign_void_shared_ptr> *
          ]
  c:\users\administrator\downloads\boost_1_66_0\boost_1_66_0\boost\signals2\detail\auto_buffer.hpp(178): note: 参见对正在编译的函数 模板 实例化“void boost::signals2::detail::auto_buffer<boost::signals2::detail::void_shared_ptr_variant,boost::signals2::detail::store_n_objects<10>,boost::signals2::detail::default_grow_policy,std::allocator<_Ty>>::copy_rai<I,false>(I,I,boost::variant<boost::shared_ptr<void>,boost::signals2::detail::foreign_void_shared_ptr> *,const boost::integral_constant<bool,false> &)”的引用
          with
          [
              _Ty=boost::signals2::detail::void_shared_ptr_variant,
              I=boost::variant<boost::shared_ptr<void>,boost::signals2::detail::foreign_void_shared_ptr> *
          ]
  c:\users\administrator\downloads\boost_1_66_0\boost_1_66_0\boost\signals2\detail\auto_buffer.hpp(204): note: 参见对正在编译的函数 模板 实例化“void boost::signals2::detail::auto_buffer<boost::signals2::detail::void_shared_ptr_variant,boost::signals2::detail::store_n_objects<10>,boost::signals2::detail::default_grow_policy,std::allocator<_Ty>>::copy_impl<I>(I,I,boost::variant<boost::shared_ptr<void>,boost::signals2::detail::foreign_void_shared_ptr> *,std::random_access_iterator_tag)”的引用
          with
          [
              _Ty=boost::signals2::detail::void_shared_ptr_variant,
              I=boost::variant<boost::shared_ptr<void>,boost::signals2::detail::foreign_void_shared_ptr> *
          ]
  c:\users\administrator\downloads\boost_1_66_0\boost_1_66_0\boost\signals2\detail\auto_buffer.hpp(203): note: 参见对正在编译的函数 模板 实例化“void boost::signals2::detail::auto_buffer<boost::signals2::detail::void_shared_ptr_variant,boost::signals2::detail::store_n_objects<10>,boost::signals2::detail::default_grow_policy,std::allocator<_Ty>>::copy_impl<I>(I,I,boost::variant<boost::shared_ptr<void>,boost::signals2::detail::foreign_void_shared_ptr> *,std::random_access_iterator_tag)”的引用
          with
          [
              _Ty=boost::signals2::detail::void_shared_ptr_variant,
              I=boost::variant<boost::shared_ptr<void>,boost::signals2::detail::foreign_void_shared_ptr> *
          ]
  c:\users\administrator\downloads\boost_1_66_0\boost_1_66_0\boost\signals2\detail\auto_buffer.hpp(296): note: 参见对正在编译的函数 模板 实例化“void boost::signals2::detail::auto_buffer<boost::signals2::detail::void_shared_ptr_variant,boost::signals2::detail::store_n_objects<10>,boost::signals2::detail::default_grow_policy,std::allocator<_Ty>>::copy_impl<boost::variant<boost::shared_ptr<void>,boost::signals2::detail::foreign_void_shared_ptr>*>(I,I,boost::variant<boost::shared_ptr<void>,boost::signals2::detail::foreign_void_shared_ptr> *)”的引用
          with
          [
              _Ty=boost::signals2::detail::void_shared_ptr_variant,
              I=boost::variant<boost::shared_ptr<void>,boost::signals2::detail::foreign_void_shared_ptr> *
          ]
  c:\users\administrator\downloads\boost_1_66_0\boost_1_66_0\boost\signals2\detail\auto_buffer.hpp(296): note: 参见对正在编译的函数 模板 实例化“void boost::signals2::detail::auto_buffer<boost::signals2::detail::void_shared_ptr_variant,boost::signals2::detail::store_n_objects<10>,boost::signals2::detail::default_grow_policy,std::allocator<_Ty>>::copy_impl<boost::variant<boost::shared_ptr<void>,boost::signals2::detail::foreign_void_shared_ptr>*>(I,I,boost::variant<boost::shared_ptr<void>,boost::signals2::detail::foreign_void_shared_ptr> *)”的引用
          with
          [
              _Ty=boost::signals2::detail::void_shared_ptr_variant,
              I=boost::variant<boost::shared_ptr<void>,boost::signals2::detail::foreign_void_shared_ptr> *
          ]
  c:\users\administrator\downloads\boost_1_66_0\boost_1_66_0\boost\signals2\detail\auto_buffer.hpp(289): note: 编译 类 模板 成员函数 "boost::variant<boost::shared_ptr<void>,boost::signals2::detail::foreign_void_shared_ptr> *boost::signals2::detail::auto_buffer<boost::signals2::detail::void_shared_ptr_variant,boost::signals2::detail::store_n_objects<10>,boost::signals2::detail::default_grow_policy,std::allocator<_Ty>>::move_to_new_buffer(unsigned int,const boost::false_type &)" 时
          with
          [
              _Ty=boost::signals2::detail::void_shared_ptr_variant
          ]
  c:\users\administrator\downloads\boost_1_66_0\boost_1_66_0\boost\signals2\detail\auto_buffer.hpp(310): note: 参见对正在编译的函数 模板 实例化“boost::variant<boost::shared_ptr<void>,boost::signals2::detail::foreign_void_shared_ptr> *boost::signals2::detail::auto_buffer<boost::signals2::detail::void_shared_ptr_variant,boost::signals2::detail::store_n_objects<10>,boost::signals2::detail::default_grow_policy,std::allocator<_Ty>>::move_to_new_buffer(unsigned int,const boost::false_type &)”的引用
          with
          [
              _Ty=boost::signals2::detail::void_shared_ptr_variant
          ]
  c:\users\administrator\downloads\boost_1_66_0\boost_1_66_0\boost\signals2\detail\slot_call_iterator.hpp(65): note: 参见对正在编译的 类 模板 实例化 "boost::signals2::detail::auto_buffer<boost::signals2::detail::void_shared_ptr_variant,boost::signals2::detail::store_n_objects<10>,boost::signals2::detail::default_grow_policy,std::allocator<_Ty>>" 的引用
          with
          [
              _Ty=boost::signals2::detail::void_shared_ptr_variant
          ]
  c:\users\administrator\downloads\boost_1_66_0\boost_1_66_0\boost\signals2\detail\slot_call_iterator.hpp(70): note: 参见对正在编译的 类 模板 实例化 "boost::signals2::detail::slot_call_iterator_cache<ResultType,Function>" 的引用
  c:\users\administrator\downloads\boost_1_66_0\boost_1_66_0\boost\bind\placeholders.hpp(54): note: 参见对正在编译的 类 模板 实例化 "boost::arg<9>" 的引用
  c:\users\administrator\downloads\boost_1_66_0\boost_1_66_0\boost\bind\placeholders.hpp(53): note: 参见对正在编译的 类 模板 实例化 "boost::arg<8>" 的引用
  c:\users\administrator\downloads\boost_1_66_0\boost_1_66_0\boost\bind\placeholders.hpp(52): note: 参见对正在编译的 类 模板 实例化 "boost::arg<7>" 的引用
  c:\users\administrator\downloads\boost_1_66_0\boost_1_66_0\boost\bind\placeholders.hpp(51): note: 参见对正在编译的 类 模板 实例化 "boost::arg<6>" 的引用
  c:\users\administrator\downloads\boost_1_66_0\boost_1_66_0\boost\bind\placeholders.hpp(50): note: 参见对正在编译的 类 模板 实例化 "boost::arg<5>" 的引用
  c:\users\administrator\downloads\boost_1_66_0\boost_1_66_0\boost\bind\placeholders.hpp(49): note: 参见对正在编译的 类 模板 实例化 "boost::arg<4>" 的引用
  c:\users\administrator\downloads\boost_1_66_0\boost_1_66_0\boost\bind\placeholders.hpp(48): note: 参见对正在编译的 类 模板 实例化 "boost::arg<3>" 的引用
  c:\users\administrator\downloads\boost_1_66_0\boost_1_66_0\boost\bind\placeholders.hpp(47): note: 参见对正在编译的 类 模板 实例化 "boost::arg<2>" 的引用
  c:\users\administrator\downloads\boost_1_66_0\boost_1_66_0\boost\bind\placeholders.hpp(46): note: 参见对正在编译的 类 模板 实例化 "boost::arg<1>" 的引用
  day01.cpp
  正在生成代码...
